{"level":"info","message":"Una WELCOME OOO👋","service":"user-service","timestamp":"2025-10-06T04:14:28.818Z"}
{"level":"info","message":"::1 - - [06/Oct/2025:04:14:28 +0000] \"GET / HTTP/1.1\" 200 19 \"-\" \"HTTPie\"","service":"user-service","timestamp":"2025-10-06T04:14:28.834Z"}
{"level":"info","message":"::1 - - [06/Oct/2025:04:15:11 +0000] \"GET /api HTTP/1.1\" 200 41 \"-\" \"HTTPie\"","service":"user-service","timestamp":"2025-10-06T04:15:11.882Z"}
{"level":"info","message":"Una WELCOME OOO👋","service":"user-service","timestamp":"2025-10-06T04:15:39.836Z"}
{"level":"info","message":"::1 - - [06/Oct/2025:04:15:39 +0000] \"GET / HTTP/1.1\" 200 19 \"-\" \"HTTPie\"","service":"user-service","timestamp":"2025-10-06T04:15:39.838Z"}
{"level":"info","message":"::1 - - [06/Oct/2025:04:16:17 +0000] \"GET /api HTTP/1.1\" 200 41 \"-\" \"HTTPie\"","service":"user-service","timestamp":"2025-10-06T04:16:17.584Z"}
{"level":"info","message":"::1 - - [06/Oct/2025:04:17:04 +0000] \"GET /health HTTP/1.1\" 200 75 \"-\" \"HTTPie\"","service":"user-service","timestamp":"2025-10-06T04:17:04.714Z"}
{"level":"info","message":"::1 - - [06/Oct/2025:04:18:13 +0000] \"POST /api/auth/sign-in HTTP/1.1\" 200 31 \"-\" \"HTTPie\"","service":"user-service","timestamp":"2025-10-06T04:18:13.692Z"}
{"level":"info","message":"::1 - - [06/Oct/2025:07:00:54 +0000] \"POST /api/auth/sign-up HTTP/1.1\" 200 31 \"-\" \"HTTPie\"","service":"user-service","timestamp":"2025-10-06T07:00:54.301Z"}
{"level":"info","message":"::1 - - [07/Oct/2025:05:38:35 +0000] \"GET /health HTTP/1.1\" 200 74 \"-\" \"Mozilla/5.0 (Windows NT; Windows NT 10.0; en-GB) WindowsPowerShell/5.1.22621.5909\"","service":"user-service","timestamp":"2025-10-07T05:38:35.295Z"}
{"level":"info","message":"::1 - - [07/Oct/2025:05:38:38 +0000] \"POST /api/auth/sign-up HTTP/1.1\" 400 59 \"-\" \"HTTPie\"","service":"user-service","timestamp":"2025-10-07T05:38:38.555Z"}
{"level":"info","message":"::1 - - [07/Oct/2025:05:39:51 +0000] \"POST /api/auth/sign-up HTTP/1.1\" 400 59 \"-\" \"HTTPie\"","service":"user-service","timestamp":"2025-10-07T05:39:51.994Z"}
{"level":"error","message":"Signup error Database query failed","service":"user-service","stack":"Error: Database query failed\n    at findUserByEmail (file:///C:/Users/Lancaster/Desktop/DevopsDemo/Acquistions/src/services/user.service.js:11:15)\n    at process.processTicksAndRejections (node:internal/process/task_queues:105:5)\n    at async signup (file:///C:/Users/Lancaster/Desktop/DevopsDemo/Acquistions/src/controllers/auth.controller.js:21:26)","timestamp":"2025-10-07T05:40:43.629Z"}
{"level":"error","message":"Error details: Database query failed","service":"user-service","timestamp":"2025-10-07T05:40:43.636Z"}
{"level":"info","message":"::1 - - [07/Oct/2025:05:40:43 +0000] \"POST /api/auth/sign-up HTTP/1.1\" 500 516 \"-\" \"HTTPie\"","service":"user-service","timestamp":"2025-10-07T05:40:43.653Z"}
{"level":"info","message":"User registered successfully: lankirix@gmail.com","service":"user-service","timestamp":"2025-10-07T05:44:23.174Z"}
{"level":"info","message":"::1 - - [07/Oct/2025:05:44:23 +0000] \"POST /api/auth/sign-up HTTP/1.1\" 201 120 \"-\" \"HTTPie\"","service":"user-service","timestamp":"2025-10-07T05:44:23.194Z"}
{"level":"error","message":"Error authenticating user: Error: Invalid password","service":"user-service","timestamp":"2025-10-11T04:48:32.830Z"}
{"level":"error","message":"Signin error Invalid password","service":"user-service","stack":"Error: Invalid password\n    at authenticateUser (file:///C:/Users/Lancaster/Desktop/DevopsDemo/Acquistions/src/services/auth.service.js:62:19)\n    at async signin (file:///C:/Users/Lancaster/Desktop/DevopsDemo/Acquistions/src/controllers/auth.controller.js:76:18)","timestamp":"2025-10-11T04:48:32.844Z"}
{"level":"info","message":"::1 - - [11/Oct/2025:04:48:32 +0000] \"POST /api/auth/sign-in HTTP/1.1\" 401 31 \"-\" \"HTTPie\"","service":"user-service","timestamp":"2025-10-11T04:48:32.867Z"}
{"level":"error","message":"Error authenticating user: Error: Invalid password","service":"user-service","timestamp":"2025-10-11T04:49:49.216Z"}
{"level":"error","message":"Signin error Invalid password","service":"user-service","stack":"Error: Invalid password\n    at authenticateUser (file:///C:/Users/Lancaster/Desktop/DevopsDemo/Acquistions/src/services/auth.service.js:62:19)\n    at async signin (file:///C:/Users/Lancaster/Desktop/DevopsDemo/Acquistions/src/controllers/auth.controller.js:76:18)","timestamp":"2025-10-11T04:49:49.218Z"}
{"level":"info","message":"::1 - - [11/Oct/2025:04:49:49 +0000] \"POST /api/auth/sign-in HTTP/1.1\" 401 31 \"-\" \"HTTPie\"","service":"user-service","timestamp":"2025-10-11T04:49:49.222Z"}
{"level":"info","message":"::1 - - [11/Oct/2025:04:50:05 +0000] \"POST /api/auth/sign-up HTTP/1.1\" 409 47 \"-\" \"HTTPie\"","service":"user-service","timestamp":"2025-10-11T04:50:05.909Z"}
{"level":"info","message":"User signed out successfully","service":"user-service","timestamp":"2025-10-11T04:50:39.150Z"}
{"level":"info","message":"::1 - - [11/Oct/2025:04:50:39 +0000] \"POST /api/auth/sign-out HTTP/1.1\" 200 42 \"-\" \"HTTPie\"","service":"user-service","timestamp":"2025-10-11T04:50:39.153Z"}
{"level":"error","message":"Error authenticating user: Error: Invalid password","service":"user-service","timestamp":"2025-10-11T04:50:51.241Z"}
{"level":"error","message":"Signin error Invalid password","service":"user-service","stack":"Error: Invalid password\n    at authenticateUser (file:///C:/Users/Lancaster/Desktop/DevopsDemo/Acquistions/src/services/auth.service.js:62:19)\n    at async signin (file:///C:/Users/Lancaster/Desktop/DevopsDemo/Acquistions/src/controllers/auth.controller.js:76:18)","timestamp":"2025-10-11T04:50:51.243Z"}
{"level":"info","message":"::1 - - [11/Oct/2025:04:50:51 +0000] \"POST /api/auth/sign-in HTTP/1.1\" 401 31 \"-\" \"HTTPie\"","service":"user-service","timestamp":"2025-10-11T04:50:51.248Z"}
{"level":"info","message":"User signed out successfully","service":"user-service","timestamp":"2025-10-11T04:51:26.049Z"}
{"level":"info","message":"::1 - - [11/Oct/2025:04:51:26 +0000] \"POST /api/auth/sign-out HTTP/1.1\" 200 42 \"-\" \"HTTPie\"","service":"user-service","timestamp":"2025-10-11T04:51:26.052Z"}
{"level":"info","message":"::1 - - [11/Oct/2025:04:51:34 +0000] \"POST /api/auth/sign-up HTTP/1.1\" 400 59 \"-\" \"HTTPie\"","service":"user-service","timestamp":"2025-10-11T04:51:34.688Z"}
{"level":"info","message":"::1 - - [11/Oct/2025:04:53:07 +0000] \"POST /api/auth/sign-up HTTP/1.1\" 400 59 \"-\" \"HTTPie\"","service":"user-service","timestamp":"2025-10-11T04:53:07.766Z"}
{"level":"info","message":"::1 - - [11/Oct/2025:04:53:12 +0000] \"POST /api/auth/sign-up HTTP/1.1\" 400 59 \"-\" \"HTTPie\"","service":"user-service","timestamp":"2025-10-11T04:53:12.124Z"}
{"level":"info","message":"::1 - - [11/Oct/2025:04:55:09 +0000] \"POST /api/auth/sign-up HTTP/1.1\" 400 59 \"-\" \"HTTPie\"","service":"user-service","timestamp":"2025-10-11T04:55:09.185Z"}
{"level":"info","message":"User registered successfully: lancasterchuks@gmail.com","service":"user-service","timestamp":"2025-10-11T04:55:49.774Z"}
{"level":"info","message":"::1 - - [11/Oct/2025:04:55:49 +0000] \"POST /api/auth/sign-up HTTP/1.1\" 201 122 \"-\" \"HTTPie\"","service":"user-service","timestamp":"2025-10-11T04:55:49.777Z"}
{"level":"error","message":"Error authenticating user: Error: Invalid password","service":"user-service","timestamp":"2025-10-11T04:56:21.937Z"}
{"level":"error","message":"Signin error Invalid password","service":"user-service","stack":"Error: Invalid password\n    at authenticateUser (file:///C:/Users/Lancaster/Desktop/DevopsDemo/Acquistions/src/services/auth.service.js:62:19)\n    at async signin (file:///C:/Users/Lancaster/Desktop/DevopsDemo/Acquistions/src/controllers/auth.controller.js:76:18)","timestamp":"2025-10-11T04:56:21.938Z"}
{"level":"info","message":"::1 - - [11/Oct/2025:04:56:21 +0000] \"POST /api/auth/sign-in HTTP/1.1\" 401 31 \"-\" \"HTTPie\"","service":"user-service","timestamp":"2025-10-11T04:56:21.941Z"}
{"level":"info","message":"User chukkslancaster@gmail.com created successfully","service":"user-service","timestamp":"2025-10-11T05:04:08.829Z"}
{"level":"info","message":"User registered successfully: chukkslancaster@gmail.com","service":"user-service","timestamp":"2025-10-11T05:04:08.851Z"}
{"level":"info","message":"::1 - - [11/Oct/2025:05:04:08 +0000] \"POST /api/auth/sign-up HTTP/1.1\" 201 123 \"-\" \"HTTPie\"","service":"user-service","timestamp":"2025-10-11T05:04:08.863Z"}
{"level":"info","message":"User chukkslancaster@gmail.com authenticated successfully","service":"user-service","timestamp":"2025-10-11T05:04:25.332Z"}
{"level":"info","message":"User signed in successfully: chukkslancaster@gmail.com","service":"user-service","timestamp":"2025-10-11T05:04:25.336Z"}
{"level":"info","message":"::1 - - [11/Oct/2025:05:04:25 +0000] \"POST /api/auth/sign-in HTTP/1.1\" 200 122 \"-\" \"HTTPie\"","service":"user-service","timestamp":"2025-10-11T05:04:25.339Z"}
{"level":"info","message":"User signed out successfully","service":"user-service","timestamp":"2025-10-11T05:04:35.693Z"}
{"level":"info","message":"::1 - - [11/Oct/2025:05:04:35 +0000] \"POST /api/auth/sign-out HTTP/1.1\" 200 42 \"-\" \"HTTPie\"","service":"user-service","timestamp":"2025-10-11T05:04:35.696Z"}
{"level":"info","message":"::1 - - [11/Oct/2025:07:26:44 +0000] \"POST /health HTTP/1.1\" 403 55 \"-\" \"HTTPie\"","service":"user-service","timestamp":"2025-10-11T07:26:44.837Z"}
{"level":"info","message":"::1 - - [11/Oct/2025:07:27:07 +0000] \"POST /health HTTP/1.1\" 403 55 \"-\" \"HTTPie\"","service":"user-service","timestamp":"2025-10-11T07:27:07.323Z"}
{"level":"info","message":"::1 - - [11/Oct/2025:07:27:32 +0000] \"GET /health HTTP/1.1\" 403 55 \"-\" \"HTTPie\"","service":"user-service","timestamp":"2025-10-11T07:27:32.154Z"}
{"level":"info","message":"::1 - - [11/Oct/2025:07:27:33 +0000] \"GET /health HTTP/1.1\" 403 55 \"-\" \"HTTPie\"","service":"user-service","timestamp":"2025-10-11T07:27:33.476Z"}
{"level":"info","message":"::1 - - [11/Oct/2025:07:27:34 +0000] \"GET /health HTTP/1.1\" 403 55 \"-\" \"HTTPie\"","service":"user-service","timestamp":"2025-10-11T07:27:34.648Z"}
{"level":"info","message":"::1 - - [11/Oct/2025:07:28:55 +0000] \"GET / HTTP/1.1\" 403 55 \"-\" \"Mozilla/5.0 (Windows NT 10.0; Win64; x64) AppleWebKit/537.36 (KHTML, like Gecko) Chrome/140.0.0.0 Safari/537.36\"","service":"user-service","timestamp":"2025-10-11T07:28:55.870Z"}
{"level":"info","message":"::1 - - [11/Oct/2025:07:29:20 +0000] \"GET /health HTTP/1.1\" 403 55 \"-\" \"HTTPie\"","service":"user-service","timestamp":"2025-10-11T07:29:20.925Z"}
{"level":"info","message":"::1 - - [11/Oct/2025:07:30:25 +0000] \"GET /health HTTP/1.1\" 403 55 \"-\" \"HTTPie\"","service":"user-service","timestamp":"2025-10-11T07:30:25.554Z"}
{"level":"info","message":"::1 - - [11/Oct/2025:07:32:28 +0000] \"GET /health HTTP/1.1\" 403 55 \"-\" \"Mozilla/5.0 (Windows NT; Windows NT 10.0; en-GB) WindowsPowerShell/5.1.22621.5909\"","service":"user-service","timestamp":"2025-10-11T07:32:28.868Z"}
{"level":"info","message":"::1 - - [11/Oct/2025:07:32:55 +0000] \"GET /health HTTP/1.1\" 403 55 \"-\" \"HTTPie\"","service":"user-service","timestamp":"2025-10-11T07:32:55.897Z"}
{"level":"info","message":"::1 - - [11/Oct/2025:07:32:59 +0000] \"GET /health HTTP/1.1\" 403 55 \"-\" \"HTTPie\"","service":"user-service","timestamp":"2025-10-11T07:32:59.104Z"}
{"level":"info","message":"::1 - - [11/Oct/2025:07:34:42 +0000] \"GET /health HTTP/1.1\" 403 55 \"-\" \"HTTPie\"","service":"user-service","timestamp":"2025-10-11T07:34:42.768Z"}
{"level":"info","message":"::1 - - [11/Oct/2025:07:39:18 +0000] \"GET /health HTTP/1.1\" 403 55 \"-\" \"HTTPie\"","service":"user-service","timestamp":"2025-10-11T07:39:18.214Z"}
{"level":"info","message":"::1 - - [11/Oct/2025:07:39:19 +0000] \"GET /health HTTP/1.1\" 403 55 \"-\" \"HTTPie\"","service":"user-service","timestamp":"2025-10-11T07:39:19.686Z"}
{"level":"info","message":"::1 - - [11/Oct/2025:07:39:22 +0000] \"GET /health HTTP/1.1\" 403 55 \"-\" \"HTTPie\"","service":"user-service","timestamp":"2025-10-11T07:39:22.094Z"}
{"level":"info","message":"::1 - - [11/Oct/2025:07:39:32 +0000] \"GET /health HTTP/1.1\" 403 55 \"-\" \"HTTPie\"","service":"user-service","timestamp":"2025-10-11T07:39:32.075Z"}
{"level":"info","message":"::1 - - [11/Oct/2025:07:39:32 +0000] \"GET /health HTTP/1.1\" 403 55 \"-\" \"HTTPie\"","service":"user-service","timestamp":"2025-10-11T07:39:32.788Z"}
{"level":"info","message":"::1 - - [11/Oct/2025:07:39:33 +0000] \"GET /health HTTP/1.1\" 403 55 \"-\" \"HTTPie\"","service":"user-service","timestamp":"2025-10-11T07:39:33.293Z"}
{"level":"info","message":"::1 - - [11/Oct/2025:07:44:12 +0000] \"GET /health HTTP/1.1\" 403 55 \"-\" \"HTTPie\"","service":"user-service","timestamp":"2025-10-11T07:44:12.591Z"}
{"level":"info","message":"::1 - - [11/Oct/2025:07:49:43 +0000] \"GET /health HTTP/1.1\" 403 55 \"-\" \"HTTPie\"","service":"user-service","timestamp":"2025-10-11T07:49:43.153Z"}
{"level":"info","message":"::1 - - [11/Oct/2025:07:49:44 +0000] \"GET /health HTTP/1.1\" 403 55 \"-\" \"HTTPie\"","service":"user-service","timestamp":"2025-10-11T07:49:44.239Z"}
{"level":"info","message":"::1 - - [11/Oct/2025:07:49:44 +0000] \"GET /health HTTP/1.1\" 403 55 \"-\" \"HTTPie\"","service":"user-service","timestamp":"2025-10-11T07:49:44.858Z"}
{"level":"info","message":"::1 - - [11/Oct/2025:07:49:45 +0000] \"GET /health HTTP/1.1\" 403 55 \"-\" \"HTTPie\"","service":"user-service","timestamp":"2025-10-11T07:49:45.631Z"}
{"level":"info","message":"::1 - - [11/Oct/2025:07:49:46 +0000] \"GET /health HTTP/1.1\" 403 55 \"-\" \"HTTPie\"","service":"user-service","timestamp":"2025-10-11T07:49:46.866Z"}
{"level":"info","message":"::1 - - [11/Oct/2025:07:49:47 +0000] \"GET /health HTTP/1.1\" 403 55 \"-\" \"HTTPie\"","service":"user-service","timestamp":"2025-10-11T07:49:47.735Z"}
{"level":"info","message":"::1 - - [11/Oct/2025:07:49:48 +0000] \"GET /health HTTP/1.1\" 403 55 \"-\" \"HTTPie\"","service":"user-service","timestamp":"2025-10-11T07:49:48.536Z"}
{"level":"info","message":"::1 - - [11/Oct/2025:07:49:49 +0000] \"GET /health HTTP/1.1\" 403 55 \"-\" \"HTTPie\"","service":"user-service","timestamp":"2025-10-11T07:49:49.219Z"}
{"level":"info","message":"::1 - - [11/Oct/2025:07:49:54 +0000] \"GET /health HTTP/1.1\" 403 55 \"-\" \"Mozilla/5.0 (Windows NT; Windows NT 10.0; en-GB) WindowsPowerShell/5.1.22621.5909\"","service":"user-service","timestamp":"2025-10-11T07:49:54.277Z"}
{"level":"info","message":"::1 - - [11/Oct/2025:07:51:57 +0000] \"GET /health HTTP/1.1\" 200 73 \"-\" \"HTTPie\"","service":"user-service","timestamp":"2025-10-11T07:51:57.597Z"}
{"level":"info","message":"::1 - - [11/Oct/2025:07:52:59 +0000] \"GET /health HTTP/1.1\" 200 74 \"-\" \"HTTPie\"","service":"user-service","timestamp":"2025-10-11T07:52:59.541Z"}
{"level":"info","message":"::1 - - [11/Oct/2025:07:53:00 +0000] \"GET /health HTTP/1.1\" 200 73 \"-\" \"HTTPie\"","service":"user-service","timestamp":"2025-10-11T07:53:00.656Z"}
{"level":"info","message":"::1 - - [11/Oct/2025:07:53:01 +0000] \"GET /health HTTP/1.1\" 200 74 \"-\" \"HTTPie\"","service":"user-service","timestamp":"2025-10-11T07:53:01.552Z"}
{"level":"info","message":"::1 - - [11/Oct/2025:07:53:03 +0000] \"GET /health HTTP/1.1\" 200 74 \"-\" \"HTTPie\"","service":"user-service","timestamp":"2025-10-11T07:53:03.180Z"}
{"level":"info","message":"::1 - - [11/Oct/2025:07:53:04 +0000] \"GET /health HTTP/1.1\" 200 74 \"-\" \"HTTPie\"","service":"user-service","timestamp":"2025-10-11T07:53:04.433Z"}
{"level":"info","message":"::1 - - [11/Oct/2025:07:53:05 +0000] \"GET /health HTTP/1.1\" 200 74 \"-\" \"HTTPie\"","service":"user-service","timestamp":"2025-10-11T07:53:05.483Z"}
{"level":"info","message":"::1 - - [11/Oct/2025:07:53:06 +0000] \"GET /health HTTP/1.1\" 200 74 \"-\" \"HTTPie\"","service":"user-service","timestamp":"2025-10-11T07:53:06.187Z"}
{"level":"info","message":"::1 - - [11/Oct/2025:07:53:06 +0000] \"GET /health HTTP/1.1\" 200 74 \"-\" \"HTTPie\"","service":"user-service","timestamp":"2025-10-11T07:53:06.865Z"}
{"level":"info","message":"::1 - - [11/Oct/2025:07:53:07 +0000] \"GET /health HTTP/1.1\" 200 74 \"-\" \"HTTPie\"","service":"user-service","timestamp":"2025-10-11T07:53:07.383Z"}
{"level":"info","message":"::1 - - [11/Oct/2025:07:53:07 +0000] \"GET /health HTTP/1.1\" 200 74 \"-\" \"HTTPie\"","service":"user-service","timestamp":"2025-10-11T07:53:07.913Z"}
{"level":"info","message":"::1 - - [11/Oct/2025:07:53:08 +0000] \"GET /health HTTP/1.1\" 200 74 \"-\" \"HTTPie\"","service":"user-service","timestamp":"2025-10-11T07:53:08.415Z"}
{"level":"info","message":"::1 - - [11/Oct/2025:07:53:08 +0000] \"GET /health HTTP/1.1\" 200 74 \"-\" \"HTTPie\"","service":"user-service","timestamp":"2025-10-11T07:53:08.976Z"}
{"level":"info","message":"::1 - - [11/Oct/2025:07:53:09 +0000] \"GET /health HTTP/1.1\" 200 74 \"-\" \"HTTPie\"","service":"user-service","timestamp":"2025-10-11T07:53:09.338Z"}
{"level":"info","message":"::1 - - [11/Oct/2025:07:53:09 +0000] \"GET /health HTTP/1.1\" 200 74 \"-\" \"HTTPie\"","service":"user-service","timestamp":"2025-10-11T07:53:09.692Z"}
{"ip":"::1","level":"warn","message":"Bot requestdetected","path":"/health","service":"user-service","timestamp":"2025-10-11T07:53:10.022Z","userAgent":"HTTPie"}
{"level":"info","message":"::1 - - [11/Oct/2025:07:53:10 +0000] \"GET /health HTTP/1.1\" 403 51 \"-\" \"HTTPie\"","service":"user-service","timestamp":"2025-10-11T07:53:10.024Z"}
{"ip":"::1","level":"warn","message":"Bot requestdetected","path":"/health","service":"user-service","timestamp":"2025-10-11T07:53:10.383Z","userAgent":"HTTPie"}
{"level":"info","message":"::1 - - [11/Oct/2025:07:53:10 +0000] \"GET /health HTTP/1.1\" 403 51 \"-\" \"HTTPie\"","service":"user-service","timestamp":"2025-10-11T07:53:10.384Z"}
{"ip":"::1","level":"warn","message":"Bot requestdetected","path":"/health","service":"user-service","timestamp":"2025-10-11T07:53:10.614Z","userAgent":"HTTPie"}
{"level":"info","message":"::1 - - [11/Oct/2025:07:53:10 +0000] \"GET /health HTTP/1.1\" 403 51 \"-\" \"HTTPie\"","service":"user-service","timestamp":"2025-10-11T07:53:10.615Z"}
